0 verbose cli C:\Program Files\nodejs\node.exe C:\Program Files\nodejs\node_modules\npm\bin\npm-cli.js
1 info using npm@10.9.3
2 info using node@v22.20.0
3 silly config load:file:C:\Program Files\nodejs\node_modules\npm\npmrc
4 silly config load:file:C:\projects\ragequit-escrow\.npmrc
5 silly config load:file:C:\Users\swpnl\.npmrc
6 silly config load:file:C:\projects\ragequit-escrow\.hardhat-appdata\npm\etc\npmrc
7 verbose title npm run contracts:deploy:local
8 verbose argv "run" "contracts:deploy:local"
9 verbose logfile logs-max:10 dir:C:\projects\ragequit-escrow\.hardhat-localappdata\npm-cache\_logs\2026-03-19T08_54_02_635Z-
10 verbose logfile C:\projects\ragequit-escrow\.hardhat-localappdata\npm-cache\_logs\2026-03-19T08_54_02_635Z-debug-0.log
0 verbose cli C:\Program Files\nodejs\node.exe C:\Program Files\nodejs\node_modules\npm\bin\npm-cli.js
1 info using npm@10.9.3
2 info using node@v22.20.0
3 silly config load:file:C:\Program Files\nodejs\node_modules\npm\npmrc
4 silly config load:file:C:\projects\ragequit-escrow\.npmrc
5 silly config load:file:C:\Users\swpnl\.npmrc
6 silly config load:file:C:\projects\ragequit-escrow\.hardhat-appdata\npm\etc\npmrc
7 verbose title npm run contracts:run-agent:local
8 verbose argv "run" "contracts:run-agent:local"
9 verbose logfile logs-max:10 dir:C:\projects\ragequit-escrow\.hardhat-localappdata\npm-cache\_logs\2026-03-19T08_54_02_635Z-
10 verbose logfile C:\projects\ragequit-escrow\.hardhat-localappdata\npm-cache\_logs\2026-03-19T08_54_02_635Z-debug-0.log
11 silly logfile done cleaning log files
11 silly logfile done cleaning log files
12 http fetch GET https://registry.npmjs.org/npm attempt 1 failed with EACCES
12 verbose cwd C:\projects\ragequit-escrow
13 verbose os Windows_NT 10.0.26200
14 verbose node v22.20.0
15 verbose npm  v10.9.3
16 verbose exit 1
17 verbose code 1
13 verbose cwd C:\projects\ragequit-escrow
14 verbose os Windows_NT 10.0.26200
15 verbose node v22.20.0
16 verbose npm  v10.9.3
17 verbose exit 1
18 verbose code 1
